0 info it worked if it ends with ok
1 verbose cli [ 'C:\\Softwares\\Node\\\\node.exe',
1 verbose cli   'C:\\Softwares\\Node\\node_modules\\npm\\bin\\npm-cli.js',
1 verbose cli   'install',
1 verbose cli   'jasmine-node' ]
2 info using npm@1.4.9
3 info using node@v0.12.0
4 verbose node symlink C:\Softwares\Node\\node.exe
5 verbose cache add [ 'jasmine-node', null ]
6 verbose cache add name=undefined spec="jasmine-node" args=["jasmine-node",null]
7 verbose parsed url { protocol: null,
7 verbose parsed url   slashes: null,
7 verbose parsed url   auth: null,
7 verbose parsed url   host: null,
7 verbose parsed url   port: null,
7 verbose parsed url   hostname: null,
7 verbose parsed url   hash: null,
7 verbose parsed url   search: null,
7 verbose parsed url   query: null,
7 verbose parsed url   pathname: 'jasmine-node',
7 verbose parsed url   path: 'jasmine-node',
7 verbose parsed url   href: 'jasmine-node' }
8 silly lockFile bba04ce4-jasmine-node jasmine-node
9 verbose lock jasmine-node C:\Users\lucasos\AppData\Roaming\npm-cache\bba04ce4-jasmine-node.lock
10 silly lockFile bba04ce4-jasmine-node jasmine-node
11 silly lockFile bba04ce4-jasmine-node jasmine-node
12 verbose addNamed [ 'jasmine-node', '' ]
13 verbose addNamed [ null, '*' ]
14 silly lockFile b74de4f8-jasmine-node jasmine-node@
15 verbose lock jasmine-node@ C:\Users\lucasos\AppData\Roaming\npm-cache\b74de4f8-jasmine-node.lock
16 silly addNameRange { name: 'jasmine-node', range: '*', hasData: false }
17 verbose url raw jasmine-node
18 verbose url resolving [ 'http://registry.npmjs.org/', './jasmine-node' ]
19 verbose url resolved http://registry.npmjs.org/jasmine-node
20 info trying registry request attempt 1 at 10:50:50
21 http GET http://registry.npmjs.org/jasmine-node
22 http 407 http://registry.npmjs.org/jasmine-node
23 verbose bad json <!DOCTYPE html PUBLIC "-//W3C//DTD HTML 4.01//EN" "http://www.w3.org/TR/html4/strict.dtd">
23 verbose bad json <html><head>
23 verbose bad json <meta http-equiv="Content-Type" content="text/html; charset=utf-8">
23 verbose bad json <title>ERROR: Cache Access Denied</title>
23 verbose bad json <style type="text/css"><!--
23 verbose bad json  /*
23 verbose bad json  Stylesheet for Squid Error pages
23 verbose bad json  Adapted from design by Free CSS Templates
23 verbose bad json  http://www.freecsstemplates.org
23 verbose bad json  Released for free under a Creative Commons Attribution 2.5 License
23 verbose bad json */
23 verbose bad json
23 verbose bad json /* Page basics */
23 verbose bad json * {
23 verbose bad json 	font-family: verdana, sans-serif;
23 verbose bad json }
23 verbose bad json
23 verbose bad json html body {
23 verbose bad json 	margin: 0;
23 verbose bad json 	padding: 0;
23 verbose bad json 	background: #efefef;
23 verbose bad json 	font-size: 12px;
23 verbose bad json 	color: #1e1e1e;
23 verbose bad json }
23 verbose bad json
23 verbose bad json /* Page displayed title area */
23 verbose bad json #titles {
23 verbose bad json 	margin-left: 15px;
23 verbose bad json 	padding: 10px;
23 verbose bad json 	padding-left: 100px;
23 verbose bad json 	background: url('http://www.squid-cache.org/Artwork/SN.png') no-repeat left;
23 verbose bad json }
23 verbose bad json
23 verbose bad json /* initial title */
23 verbose bad json #titles h1 {
23 verbose bad json 	color: #000000;
23 verbose bad json }
23 verbose bad json #titles h2 {
23 verbose bad json 	color: #000000;
23 verbose bad json }
23 verbose bad json
23 verbose bad json /* special event: FTP success page titles */
23 verbose bad json #titles ftpsuccess {
23 verbose bad json 	background-color:#00ff00;
23 verbose bad json 	width:100%;
23 verbose bad json }
23 verbose bad json
23 verbose bad json /* Page displayed body content area */
23 verbose bad json #content {
23 verbose bad json 	padding: 10px;
23 verbose bad json 	background: #ffffff;
23 verbose bad json }
23 verbose bad json
23 verbose bad json /* General text */
23 verbose bad json p {
23 verbose bad json }
23 verbose bad json
23 verbose bad json /* error brief description */
23 verbose bad json #error p {
23 verbose bad json }
23 verbose bad json
23 verbose bad json /* some data which may have caused the problem */
23 verbose bad json #data {
23 verbose bad json }
23 verbose bad json
23 verbose bad json /* the error message received from the system or other software */
23 verbose bad json #sysmsg {
23 verbose bad json }
23 verbose bad json
23 verbose bad json pre {
23 verbose bad json     font-family:sans-serif;
23 verbose bad json }
23 verbose bad json
23 verbose bad json /* special event: FTP / Gopher directory listing */
23 verbose bad json #dirmsg {
23 verbose bad json     font-family: courier;
23 verbose bad json     color: black;
23 verbose bad json     font-size: 10pt;
23 verbose bad json }
23 verbose bad json #dirlisting {
23 verbose bad json     margin-left: 2%;
23 verbose bad json     margin-right: 2%;
23 verbose bad json }
23 verbose bad json #dirlisting tr.entry td.icon,td.filename,td.size,td.date {
23 verbose bad json     border-bottom: groove;
23 verbose bad json }
23 verbose bad json #dirlisting td.size {
23 verbose bad json     width: 50px;
23 verbose bad json     text-align: right;
23 verbose bad json     padding-right: 5px;
23 verbose bad json }
23 verbose bad json
23 verbose bad json /* horizontal lines */
23 verbose bad json hr {
23 verbose bad json 	margin: 0;
23 verbose bad json }
23 verbose bad json
23 verbose bad json /* page displayed footer area */
23 verbose bad json #footer {
23 verbose bad json 	font-size: 9px;
23 verbose bad json 	padding-left: 10px;
23 verbose bad json }
23 verbose bad json
23 verbose bad json
23 verbose bad json body
23 verbose bad json :lang(fa) { direction: rtl; font-size: 100%; font-family: Tahoma, Roya, sans-serif; float: right; }
23 verbose bad json :lang(he) { direction: rtl; float: right; }
23 verbose bad json  --></style>
23 verbose bad json </head>
23 verbose bad json <body>
23 verbose bad json <div id="titles">
23 verbose bad json <h1>ERROR</h1>
23 verbose bad json <h2>Cache Access Denied.</h2>
23 verbose bad json </div>
23 verbose bad json <hr>
23 verbose bad json
23 verbose bad json <div id="content">
23 verbose bad json <p>The following error was encountered while trying to retrieve the URL: <a href="http://registry.npmjs.org/jasmine-node">http://registry.npmjs.org/jasmine-node</a></p>
23 verbose bad json
23 verbose bad json <blockquote id="error">
23 verbose bad json <p><b>Cache Access Denied.</b></p>
23 verbose bad json </blockquote>
23 verbose bad json
23 verbose bad json <p>Sorry, you are not currently allowed to request http://registry.npmjs.org/jasmine-node from this cache until you have authenticated yourself.</p>
23 verbose bad json
23 verbose bad json <p>Please contact the <a href="mailto:root?subject=CacheErrorInfo%20-%20ERR_CACHE_ACCESS_DENIED&amp;body=CacheHost%3A%20cephalopods5.df.cgu%0D%0AErrPage%3A%20ERR_CACHE_ACCESS_DENIED%0D%0AErr%3A%20%5Bnone%5D%0D%0AAuth%20ErrMsg%3A%20Success%0D%0ATimeStamp%3A%20Thu,%2016%20Apr%202015%2013%3A37%3A07%20GMT%0D%0A%0D%0AClientIP%3A%2010.105.7.84%0D%0A%0D%0AHTTP%20Request%3A%0D%0AGET%20%2Fjasmine-node%20HTTP%2F1.1%0Anpm-session%3A%20099ee919f87235a6%0D%0AReferer%3A%20install%20jasmine-node%0D%0AAccept%3A%20application%2Fjson%0D%0AAccept-Encoding%3A%20gzip%0D%0AUser-Agent%3A%20npm%2F1.4.9%20node%2Fv0.12.0%20win32%20x64%0D%0AHost%3A%20registry.npmjs.org%0D%0AProxy-Authorization%3A%20Basic%20bHVjYXNvczp2aXZhMDMyMTU%3D%0D%0AConnection%3A%20close%0D%0A%0D%0A%0D%0A">cache administrator</a> if you have difficulties authenticating yourself or <a href="http://cephalopods5.df.cgu/cgi-bin/chpasswd.cgi">change</a> your default password.</p>
23 verbose bad json
23 verbose bad json <br>
23 verbose bad json </div>
23 verbose bad json
23 verbose bad json <hr>
23 verbose bad json <div id="footer">
23 verbose bad json <p>Generated Thu, 16 Apr 2015 13:37:07 GMT by cephalopods5.df.cgu (squid/3.1.10)</p>
23 verbose bad json <!-- ERR_CACHE_ACCESS_DENIED -->
23 verbose bad json </div>
23 verbose bad json </body></html>
24 error registry error parsing json
25 verbose headers { server: 'squid/3.1.10',
25 verbose headers   'mime-version': '1.0',
25 verbose headers   date: 'Thu, 16 Apr 2015 13:37:07 GMT',
25 verbose headers   'content-type': 'text/html',
25 verbose headers   'content-length': '3571',
25 verbose headers   'x-squid-error': 'ERR_CACHE_ACCESS_DENIED 0',
25 verbose headers   vary: 'Accept-Language',
25 verbose headers   'content-language': 'en',
25 verbose headers   'proxy-authenticate': 'NTLM, Basic realm="Please authenticate yourself"',
25 verbose headers   'x-cache': 'MISS from cephalopods5.df.cgu',
25 verbose headers   'x-cache-lookup': 'NONE from cephalopods5.df.cgu:3128',
25 verbose headers   via: '1.0 cephalopods5.df.cgu (squid/3.1.10)',
25 verbose headers   connection: 'close' }
26 silly registry.get cb [ 407,
26 silly registry.get   { server: 'squid/3.1.10',
26 silly registry.get     'mime-version': '1.0',
26 silly registry.get     date: 'Thu, 16 Apr 2015 13:37:07 GMT',
26 silly registry.get     'content-type': 'text/html',
26 silly registry.get     'content-length': '3571',
26 silly registry.get     'x-squid-error': 'ERR_CACHE_ACCESS_DENIED 0',
26 silly registry.get     vary: 'Accept-Language',
26 silly registry.get     'content-language': 'en',
26 silly registry.get     'proxy-authenticate': 'NTLM, Basic realm="Please authenticate yourself"',
26 silly registry.get     'x-cache': 'MISS from cephalopods5.df.cgu',
26 silly registry.get     'x-cache-lookup': 'NONE from cephalopods5.df.cgu:3128',
26 silly registry.get     via: '1.0 cephalopods5.df.cgu (squid/3.1.10)',
26 silly registry.get     connection: 'close' } ]
27 silly lockFile b74de4f8-jasmine-node jasmine-node@
28 silly lockFile b74de4f8-jasmine-node jasmine-node@
29 error SyntaxError: Unexpected token <
29 error <!DOCTYPE html PUBLIC "-//W3C//DTD HTML 4.01//EN" "http://www.w3.org/TR/html4/strict.dtd">
29 error <html><head>
29 error <meta http-equiv="Content-Type" content="text/html; charset=utf-8">
29 error <title>ERROR: Cache Access Denied</title>
29 error <style type="text/css"><!--
29 error  /*
29 error  Stylesheet for Squid Error pages
29 error  Adapted from design by Free CSS Templates
29 error  http://www.freecsstemplates.org
29 error  Released for free under a Creative Commons Attribution 2.5 License
29 error */
29 error
29 error /* Page basics */
29 error * {
29 error 	font-family: verdana, sans-serif;
29 error }
29 error
29 error html body {
29 error 	margin: 0;
29 error 	padding: 0;
29 error 	background: #efefef;
29 error 	font-size: 12px;
29 error 	color: #1e1e1e;
29 error }
29 error
29 error /* Page displayed title area */
29 error #titles {
29 error 	margin-left: 15px;
29 error 	padding: 10px;
29 error 	padding-left: 100px;
29 error 	background: url('http://www.squid-cache.org/Artwork/SN.png') no-repeat left;
29 error }
29 error
29 error /* initial title */
29 error #titles h1 {
29 error 	color: #000000;
29 error }
29 error #titles h2 {
29 error 	color: #000000;
29 error }
29 error
29 error /* special event: FTP success page titles */
29 error #titles ftpsuccess {
29 error 	background-color:#00ff00;
29 error 	width:100%;
29 error }
29 error
29 error /* Page displayed body content area */
29 error #content {
29 error 	padding: 10px;
29 error 	background: #ffffff;
29 error }
29 error
29 error /* General text */
29 error p {
29 error }
29 error
29 error /* error brief description */
29 error #error p {
29 error }
29 error
29 error /* some data which may have caused the problem */
29 error #data {
29 error }
29 error
29 error /* the error message received from the system or other software */
29 error #sysmsg {
29 error }
29 error
29 error pre {
29 error     font-family:sans-serif;
29 error }
29 error
29 error /* special event: FTP / Gopher directory listing */
29 error #dirmsg {
29 error     font-family: courier;
29 error     color: black;
29 error     font-size: 10pt;
29 error }
29 error #dirlisting {
29 error     margin-left: 2%;
29 error     margin-right: 2%;
29 error }
29 error #dirlisting tr.entry td.icon,td.filename,td.size,td.date {
29 error     border-bottom: groove;
29 error }
29 error #dirlisting td.size {
29 error     width: 50px;
29 error     text-align: right;
29 error     padding-right: 5px;
29 error }
29 error
29 error /* horizontal lines */
29 error hr {
29 error 	margin: 0;
29 error }
29 error
29 error /* page displayed footer area */
29 error #footer {
29 error 	font-size: 9px;
29 error 	padding-left: 10px;
29 error }
29 error
29 error
29 error body
29 error :lang(fa) { direction: rtl; font-size: 100%; font-family: Tahoma, Roya, sans-serif; float: right; }
29 error :lang(he) { direction: rtl; float: right; }
29 error  --></style>
29 error </head>
29 error <body>
29 error <div id="titles">
29 error <h1>ERROR</h1>
29 error <h2>Cache Access Denied.</h2>
29 error </div>
29 error <hr>
29 error
29 error <div id="content">
29 error <p>The following error was encountered while trying to retrieve the URL: <a href="http://registry.npmjs.org/jasmine-node">http://registry.npmjs.org/jasmine-node</a></p>
29 error
29 error <blockquote id="error">
29 error <p><b>Cache Access Denied.</b></p>
29 error </blockquote>
29 error
29 error <p>Sorry, you are not currently allowed to request http://registry.npmjs.org/jasmine-node from this cache until you have authenticated yourself.</p>
29 error
29 error <p>Please contact the <a href="mailto:root?subject=CacheErrorInfo%20-%20ERR_CACHE_ACCESS_DENIED&amp;body=CacheHost%3A%20cephalopods5.df.cgu%0D%0AErrPage%3A%20ERR_CACHE_ACCESS_DENIED%0D%0AErr%3A%20%5Bnone%5D%0D%0AAuth%20ErrMsg%3A%20Success%0D%0ATimeStamp%3A%20Thu,%2016%20Apr%202015%2013%3A37%3A07%20GMT%0D%0A%0D%0AClientIP%3A%2010.105.7.84%0D%0A%0D%0AHTTP%20Request%3A%0D%0AGET%20%2Fjasmine-node%20HTTP%2F1.1%0Anpm-session%3A%20099ee919f87235a6%0D%0AReferer%3A%20install%20jasmine-node%0D%0AAccept%3A%20application%2Fjson%0D%0AAccept-Encoding%3A%20gzip%0D%0AUser-Agent%3A%20npm%2F1.4.9%20node%2Fv0.12.0%20win32%20x64%0D%0AHost%3A%20registry.npmjs.org%0D%0AProxy-Authorization%3A%20Basic%20bHVjYXNvczp2aXZhMDMyMTU%3D%0D%0AConnection%3A%20close%0D%0A%0D%0A%0D%0A">cache administrator</a> if you have difficulties authenticating yourself or <a href="http://cephalopods5.df.cgu/cgi-bin/chpasswd.cgi">change</a> your default password.</p>
29 error
29 error <br>
29 error </div>
29 error
29 error <hr>
29 error <div id="footer">
29 error <p>Generated Thu, 16 Apr 2015 13:37:07 GMT by cephalopods5.df.cgu (squid/3.1.10)</p>
29 error <!-- ERR_CACHE_ACCESS_DENIED -->
29 error </div>
29 error </body></html>
29 error
29 error     at Object.parse (native)
29 error     at RegClient.<anonymous> (C:\Softwares\Node\node_modules\npm\node_modules\npm-registry-client\lib\request.js:239:23)
29 error     at Request._callback (C:\Softwares\Node\node_modules\npm\node_modules\npm-registry-client\lib\request.js:211:65)
29 error     at Request.self.callback (C:\Softwares\Node\node_modules\npm\node_modules\request\request.js:123:22)
29 error     at Request.emit (events.js:110:17)
29 error     at Request.<anonymous> (C:\Softwares\Node\node_modules\npm\node_modules\request\request.js:893:14)
29 error     at Request.emit (events.js:129:20)
29 error     at IncomingMessage.<anonymous> (C:\Softwares\Node\node_modules\npm\node_modules\request\request.js:844:12)
29 error     at IncomingMessage.emit (events.js:129:20)
29 error     at _stream_readable.js:908:16
30 error If you need help, you may report this *entire* log,
30 error including the npm and node versions, at:
30 error     <http://github.com/npm/npm/issues>
31 error System Windows_NT 6.1.7601
32 error command "C:\\Softwares\\Node\\\\node.exe" "C:\\Softwares\\Node\\node_modules\\npm\\bin\\npm-cli.js" "install" "jasmine-node"
33 error cwd C:\Lucas\Exercism\javascript\bob
34 error node -v v0.12.0
35 error npm -v 1.4.9
36 verbose exit [ 1, true ]
